current directory: /Users/ta-ushio/work_space/selenium_test/vender/bundle/ruby/3.2.0/gems/prism-1.4.0/ext/prism
/Users/ta-ushio/.rbenv/versions/3.2.1/bin/ruby extconf.rb
/Users/ta-ushio/.rbenv/versions/3.2.1/bin/ruby: warning: Ruby was built without YJIT support. You may need to install rustc to build Ruby with YJIT.
checking for prism.h in /Users/ta-ushio/work_space/selenium_test/vender/bundle/ruby/3.2.0/gems/prism-1.4.0/include... yes
checking for prism/extension.h in /Users/ta-ushio/work_space/selenium_test/vender/bundle/ruby/3.2.0/gems/prism-1.4.0/ext... yes
checking for whether -fvisibility=hidden is accepted as CFLAGS... yes
creating Makefile

current directory: /Users/ta-ushio/work_space/selenium_test/vender/bundle/ruby/3.2.0/gems/prism-1.4.0/ext/prism
make DESTDIR\= sitearchdir\=./.gem.20250704-58676-hhqvvu sitelibdir\=./.gem.20250704-58676-hhqvvu clean

current directory: /Users/ta-ushio/work_space/selenium_test/vender/bundle/ruby/3.2.0/gems/prism-1.4.0/ext/prism
make DESTDIR\= sitearchdir\=./.gem.20250704-58676-hhqvvu sitelibdir\=./.gem.20250704-58676-hhqvvu
compiling api_node.c
compiling api_pack.c
compiling extension.c
compiling ./../../src/diagnostic.c
compiling ./../../src/encoding.c
compiling ./../../src/node.c
compiling ./../../src/options.c
compiling ./../../src/pack.c
compiling ./../../src/prettyprint.c
compiling ./../../src/prism.c
compiling ./../../src/regexp.c
compiling ./../../src/serialize.c
compiling ./../../src/static_literals.c
compiling ./../../src/token_type.c
compiling ./../../src/util/pm_buffer.c
compiling ./../../src/util/pm_char.c
compiling ./../../src/util/pm_constant_pool.c
compiling ./../../src/util/pm_integer.c
compiling ./../../src/util/pm_list.c
compiling ./../../src/util/pm_memchr.c
compiling ./../../src/util/pm_newline_list.c
compiling ./../../src/util/pm_string.c
compiling ./../../src/util/pm_strncasecmp.c
compiling ./../../src/util/pm_strpbrk.c
linking shared-object prism/prism.bundle
ld: warning: -multiply_defined is obsolete
ld: warning: ignoring duplicate libraries: '-lruby.3.2'

current directory: /Users/ta-ushio/work_space/selenium_test/vender/bundle/ruby/3.2.0/gems/prism-1.4.0/ext/prism
make DESTDIR\= sitearchdir\=./.gem.20250704-58676-hhqvvu sitelibdir\=./.gem.20250704-58676-hhqvvu install
/usr/bin/install -c -m 0755 prism.bundle ./.gem.20250704-58676-hhqvvu/prism

current directory: /Users/ta-ushio/work_space/selenium_test/vender/bundle/ruby/3.2.0/gems/prism-1.4.0/ext/prism
make DESTDIR\= sitearchdir\=./.gem.20250704-58676-hhqvvu sitelibdir\=./.gem.20250704-58676-hhqvvu clean
