have_func: checking for onig_region_memsize() in ruby.h... -------------------- yes

DYLD_FALLBACK_LIBRARY_PATH=.:/Users/ta-ushio/.rbenv/versions/3.2.1/lib "clang -o conftest -I/Users/ta-ushio/.rbenv/versions/3.2.1/include/ruby-3.2.0/x86_64-darwin22 -I/Users/ta-ushio/.rbenv/versions/3.2.1/include/ruby-3.2.0/ruby/backward -I/Users/ta-ushio/.rbenv/versions/3.2.1/include/ruby-3.2.0 -I. -I/Users/ta-ushio/.rbenv/versions/3.2.1/include  -I/usr/local/opt/gmp/include -D_XOPEN_SOURCE -D_DARWIN_C_SOURCE -D_DARWIN_UNLIMITED_SELECT -D_REENTRANT   -fdeclspec -O3 -fno-fast-math -ggdb3 -Wall -Wextra -Wextra-tokens -Wdeprecated-declarations -Wdivision-by-zero -Wdiv-by-zero -Wimplicit-function-declaration -Wimplicit-int -Wmisleading-indentation -Wpointer-arith -Wshorten-64-to-32 -Wwrite-strings -Wold-style-definition -Wmissing-noreturn -Wno-cast-function-type -Wno-constant-logical-operand -Wno-long-long -Wno-missing-field-initializers -Wno-overlength-strings -Wno-parentheses-equality -Wno-self-assign -Wno-tautological-compare -Wno-unused-parameter -Wno-unused-value -Wunused-variable -Wundef  -fno-common -pipe conftest.c  -L. -L/Users/ta-ushio/.rbenv/versions/3.2.1/lib -L. -L/Users/ta-ushio/.rbenv/versions/3.2.1/lib  -fstack-protector-strong -L/usr/local/opt/gmp/lib     -lruby.3.2  -lpthread  "
checked program was:
/* begin */
1: #include "ruby.h"
2: 
3: int main(int argc, char **argv)
4: {
5:   return !!argv[argc];
6: }
/* end */

DYLD_FALLBACK_LIBRARY_PATH=.:/Users/ta-ushio/.rbenv/versions/3.2.1/lib "clang -o conftest -I/Users/ta-ushio/.rbenv/versions/3.2.1/include/ruby-3.2.0/x86_64-darwin22 -I/Users/ta-ushio/.rbenv/versions/3.2.1/include/ruby-3.2.0/ruby/backward -I/Users/ta-ushio/.rbenv/versions/3.2.1/include/ruby-3.2.0 -I. -I/Users/ta-ushio/.rbenv/versions/3.2.1/include  -I/usr/local/opt/gmp/include -D_XOPEN_SOURCE -D_DARWIN_C_SOURCE -D_DARWIN_UNLIMITED_SELECT -D_REENTRANT   -fdeclspec -O3 -fno-fast-math -ggdb3 -Wall -Wextra -Wextra-tokens -Wdeprecated-declarations -Wdivision-by-zero -Wdiv-by-zero -Wimplicit-function-declaration -Wimplicit-int -Wmisleading-indentation -Wpointer-arith -Wshorten-64-to-32 -Wwrite-strings -Wold-style-definition -Wmissing-noreturn -Wno-cast-function-type -Wno-constant-logical-operand -Wno-long-long -Wno-missing-field-initializers -Wno-overlength-strings -Wno-parentheses-equality -Wno-self-assign -Wno-tautological-compare -Wno-unused-parameter -Wno-unused-value -Wunused-variable -Wundef  -fno-common -pipe conftest.c  -L. -L/Users/ta-ushio/.rbenv/versions/3.2.1/lib -L. -L/Users/ta-ushio/.rbenv/versions/3.2.1/lib  -fstack-protector-strong -L/usr/local/opt/gmp/lib     -lruby.3.2  -lpthread  "
conftest.c:16:57: error: use of undeclared identifier 'onig_region_memsize'
   16 | int t(void) { void ((*volatile p)()); p = (void ((*)()))onig_region_memsize; return !p; }
      |                                                         ^
1 error generated.
checked program was:
/* begin */
 1: #include "ruby.h"
 2: 
 3: #include <ruby.h>
 4: 
 5: /*top*/
 6: extern int t(void);
 7: int main(int argc, char **argv)
 8: {
 9:   if (argc > 1000000) {
10:     int (* volatile tp)(void)=(int (*)(void))&t;
11:     printf("%d", (*tp)());
12:   }
13: 
14:   return !!argv[argc];
15: }
16: int t(void) { void ((*volatile p)()); p = (void ((*)()))onig_region_memsize; return !p; }
/* end */

DYLD_FALLBACK_LIBRARY_PATH=.:/Users/ta-ushio/.rbenv/versions/3.2.1/lib "clang -o conftest -I/Users/ta-ushio/.rbenv/versions/3.2.1/include/ruby-3.2.0/x86_64-darwin22 -I/Users/ta-ushio/.rbenv/versions/3.2.1/include/ruby-3.2.0/ruby/backward -I/Users/ta-ushio/.rbenv/versions/3.2.1/include/ruby-3.2.0 -I. -I/Users/ta-ushio/.rbenv/versions/3.2.1/include  -I/usr/local/opt/gmp/include -D_XOPEN_SOURCE -D_DARWIN_C_SOURCE -D_DARWIN_UNLIMITED_SELECT -D_REENTRANT   -fdeclspec -O3 -fno-fast-math -ggdb3 -Wall -Wextra -Wextra-tokens -Wdeprecated-declarations -Wdivision-by-zero -Wdiv-by-zero -Wimplicit-function-declaration -Wimplicit-int -Wmisleading-indentation -Wpointer-arith -Wshorten-64-to-32 -Wwrite-strings -Wold-style-definition -Wmissing-noreturn -Wno-cast-function-type -Wno-constant-logical-operand -Wno-long-long -Wno-missing-field-initializers -Wno-overlength-strings -Wno-parentheses-equality -Wno-self-assign -Wno-tautological-compare -Wno-unused-parameter -Wno-unused-value -Wunused-variable -Wundef  -fno-common -pipe conftest.c  -L. -L/Users/ta-ushio/.rbenv/versions/3.2.1/lib -L. -L/Users/ta-ushio/.rbenv/versions/3.2.1/lib  -fstack-protector-strong -L/usr/local/opt/gmp/lib     -lruby.3.2  -lpthread  "
checked program was:
/* begin */
 1: #include "ruby.h"
 2: 
 3: #include <ruby.h>
 4: 
 5: /*top*/
 6: extern int t(void);
 7: int main(int argc, char **argv)
 8: {
 9:   if (argc > 1000000) {
10:     int (* volatile tp)(void)=(int (*)(void))&t;
11:     printf("%d", (*tp)());
12:   }
13: 
14:   return !!argv[argc];
15: }
16: extern void onig_region_memsize();
17: int t(void) { onig_region_memsize(); return 0; }
/* end */

--------------------

have_func: checking for rb_reg_onig_match() in ruby.h... -------------------- no

DYLD_FALLBACK_LIBRARY_PATH=.:/Users/ta-ushio/.rbenv/versions/3.2.1/lib "clang -o conftest -I/Users/ta-ushio/.rbenv/versions/3.2.1/include/ruby-3.2.0/x86_64-darwin22 -I/Users/ta-ushio/.rbenv/versions/3.2.1/include/ruby-3.2.0/ruby/backward -I/Users/ta-ushio/.rbenv/versions/3.2.1/include/ruby-3.2.0 -I. -I/Users/ta-ushio/.rbenv/versions/3.2.1/include  -I/usr/local/opt/gmp/include -D_XOPEN_SOURCE -D_DARWIN_C_SOURCE -D_DARWIN_UNLIMITED_SELECT -D_REENTRANT   -fdeclspec -O3 -fno-fast-math -ggdb3 -Wall -Wextra -Wextra-tokens -Wdeprecated-declarations -Wdivision-by-zero -Wdiv-by-zero -Wimplicit-function-declaration -Wimplicit-int -Wmisleading-indentation -Wpointer-arith -Wshorten-64-to-32 -Wwrite-strings -Wold-style-definition -Wmissing-noreturn -Wno-cast-function-type -Wno-constant-logical-operand -Wno-long-long -Wno-missing-field-initializers -Wno-overlength-strings -Wno-parentheses-equality -Wno-self-assign -Wno-tautological-compare -Wno-unused-parameter -Wno-unused-value -Wunused-variable -Wundef  -fno-common -pipe conftest.c  -L. -L/Users/ta-ushio/.rbenv/versions/3.2.1/lib -L. -L/Users/ta-ushio/.rbenv/versions/3.2.1/lib  -fstack-protector-strong -L/usr/local/opt/gmp/lib     -lruby.3.2  -lpthread  "
conftest.c:16:57: error: use of undeclared identifier 'rb_reg_onig_match'
   16 | int t(void) { void ((*volatile p)()); p = (void ((*)()))rb_reg_onig_match; return !p; }
      |                                                         ^
1 error generated.
checked program was:
/* begin */
 1: #include "ruby.h"
 2: 
 3: #include <ruby.h>
 4: 
 5: /*top*/
 6: extern int t(void);
 7: int main(int argc, char **argv)
 8: {
 9:   if (argc > 1000000) {
10:     int (* volatile tp)(void)=(int (*)(void))&t;
11:     printf("%d", (*tp)());
12:   }
13: 
14:   return !!argv[argc];
15: }
16: int t(void) { void ((*volatile p)()); p = (void ((*)()))rb_reg_onig_match; return !p; }
/* end */

DYLD_FALLBACK_LIBRARY_PATH=.:/Users/ta-ushio/.rbenv/versions/3.2.1/lib "clang -o conftest -I/Users/ta-ushio/.rbenv/versions/3.2.1/include/ruby-3.2.0/x86_64-darwin22 -I/Users/ta-ushio/.rbenv/versions/3.2.1/include/ruby-3.2.0/ruby/backward -I/Users/ta-ushio/.rbenv/versions/3.2.1/include/ruby-3.2.0 -I. -I/Users/ta-ushio/.rbenv/versions/3.2.1/include  -I/usr/local/opt/gmp/include -D_XOPEN_SOURCE -D_DARWIN_C_SOURCE -D_DARWIN_UNLIMITED_SELECT -D_REENTRANT   -fdeclspec -O3 -fno-fast-math -ggdb3 -Wall -Wextra -Wextra-tokens -Wdeprecated-declarations -Wdivision-by-zero -Wdiv-by-zero -Wimplicit-function-declaration -Wimplicit-int -Wmisleading-indentation -Wpointer-arith -Wshorten-64-to-32 -Wwrite-strings -Wold-style-definition -Wmissing-noreturn -Wno-cast-function-type -Wno-constant-logical-operand -Wno-long-long -Wno-missing-field-initializers -Wno-overlength-strings -Wno-parentheses-equality -Wno-self-assign -Wno-tautological-compare -Wno-unused-parameter -Wno-unused-value -Wunused-variable -Wundef  -fno-common -pipe conftest.c  -L. -L/Users/ta-ushio/.rbenv/versions/3.2.1/lib -L. -L/Users/ta-ushio/.rbenv/versions/3.2.1/lib  -fstack-protector-strong -L/usr/local/opt/gmp/lib     -lruby.3.2  -lpthread  "
Undefined symbols for architecture x86_64:
  "_rb_reg_onig_match", referenced from:
      _t in conftest-3bb1f9.o
ld: symbol(s) not found for architecture x86_64
clang: error: linker command failed with exit code 1 (use -v to see invocation)
checked program was:
/* begin */
 1: #include "ruby.h"
 2: 
 3: #include <ruby.h>
 4: 
 5: /*top*/
 6: extern int t(void);
 7: int main(int argc, char **argv)
 8: {
 9:   if (argc > 1000000) {
10:     int (* volatile tp)(void)=(int (*)(void))&t;
11:     printf("%d", (*tp)());
12:   }
13: 
14:   return !!argv[argc];
15: }
16: extern void rb_reg_onig_match();
17: int t(void) { rb_reg_onig_match(); return 0; }
/* end */

--------------------

