current directory: /Users/ta-ushio/work_space/selenium_test/vender/bundle/ruby/3.2.0/gems/date-3.4.1/ext/date
/Users/ta-ushio/.rbenv/versions/3.2.1/bin/ruby extconf.rb
/Users/ta-ushio/.rbenv/versions/3.2.1/bin/ruby: warning: Ruby was built without YJIT support. You may need to install rustc to build Ruby with YJIT.
checking for rb_category_warn()... yes
checking for timezone in time.h with  -Werror... yes
checking for altzone in time.h with  -Werror... no
creating Makefile

current directory: /Users/ta-ushio/work_space/selenium_test/vender/bundle/ruby/3.2.0/gems/date-3.4.1/ext/date
make DESTDIR\= sitearchdir\=./.gem.20250704-58676-c0ea04 sitelibdir\=./.gem.20250704-58676-c0ea04 clean

current directory: /Users/ta-ushio/work_space/selenium_test/vender/bundle/ruby/3.2.0/gems/date-3.4.1/ext/date
make DESTDIR\= sitearchdir\=./.gem.20250704-58676-c0ea04 sitelibdir\=./.gem.20250704-58676-c0ea04
compiling date_core.c
compiling date_parse.c
compiling date_strftime.c
compiling date_strptime.c
linking shared-object date_core.bundle
ld: warning: -multiply_defined is obsolete
ld: warning: ignoring duplicate libraries: '-lruby.3.2'

current directory: /Users/ta-ushio/work_space/selenium_test/vender/bundle/ruby/3.2.0/gems/date-3.4.1/ext/date
make DESTDIR\= sitearchdir\=./.gem.20250704-58676-c0ea04 sitelibdir\=./.gem.20250704-58676-c0ea04 install
/usr/bin/install -c -m 0755 date_core.bundle ./.gem.20250704-58676-c0ea04

current directory: /Users/ta-ushio/work_space/selenium_test/vender/bundle/ruby/3.2.0/gems/date-3.4.1/ext/date
make DESTDIR\= sitearchdir\=./.gem.20250704-58676-c0ea04 sitelibdir\=./.gem.20250704-58676-c0ea04 clean
