current directory: /Users/ta-ushio/work_space/selenium_test/vender/bundle/ruby/3.2.0/gems/psych-5.2.6/ext/psych
/Users/ta-ushio/.rbenv/versions/3.2.1/bin/ruby extconf.rb
/Users/ta-ushio/.rbenv/versions/3.2.1/bin/ruby: warning: Ruby was built without YJIT support. You may need to install rustc to build Ruby with YJIT.
checking for yaml.h... yes
checking for yaml_get_version() in -lyaml... yes
creating Makefile

current directory: /Users/ta-ushio/work_space/selenium_test/vender/bundle/ruby/3.2.0/gems/psych-5.2.6/ext/psych
make DESTDIR\= sitearchdir\=./.gem.20250704-58676-3db9q6 sitelibdir\=./.gem.20250704-58676-3db9q6 clean
cd libyaml && /Applications/Xcode.app/Contents/Developer/usr/bin/make clean
/bin/sh: line 0: cd: libyaml: No such file or directory
make: [clean-so] Error 1 (ignored)

current directory: /Users/ta-ushio/work_space/selenium_test/vender/bundle/ruby/3.2.0/gems/psych-5.2.6/ext/psych
make DESTDIR\= sitearchdir\=./.gem.20250704-58676-3db9q6 sitelibdir\=./.gem.20250704-58676-3db9q6
compiling psych.c
compiling psych_emitter.c
compiling psych_parser.c
compiling psych_to_ruby.c
compiling psych_yaml_tree.c
linking shared-object psych.bundle
ld: warning: -multiply_defined is obsolete
ld: warning: ignoring duplicate libraries: '-lruby.3.2', '-lyaml'

current directory: /Users/ta-ushio/work_space/selenium_test/vender/bundle/ruby/3.2.0/gems/psych-5.2.6/ext/psych
make DESTDIR\= sitearchdir\=./.gem.20250704-58676-3db9q6 sitelibdir\=./.gem.20250704-58676-3db9q6 install
/usr/bin/install -c -m 0755 psych.bundle ./.gem.20250704-58676-3db9q6

current directory: /Users/ta-ushio/work_space/selenium_test/vender/bundle/ruby/3.2.0/gems/psych-5.2.6/ext/psych
make DESTDIR\= sitearchdir\=./.gem.20250704-58676-3db9q6 sitelibdir\=./.gem.20250704-58676-3db9q6 clean
cd libyaml && /Applications/Xcode.app/Contents/Developer/usr/bin/make clean
/bin/sh: line 0: cd: libyaml: No such file or directory
make: [clean-so] Error 1 (ignored)
